1510956480634	geckodriver	INFO	geckodriver 0.19.1
1510956480723	geckodriver	INFO	Listening on 127.0.0.1:54183
1510956620789	geckodriver	INFO	geckodriver 0.19.1
1510956620899	geckodriver	INFO	Listening on 127.0.0.1:54217
1510957225482	geckodriver	INFO	geckodriver 0.19.1
1510957225581	geckodriver	INFO	Listening on 127.0.0.1:54666
1511006878768	geckodriver	INFO	geckodriver 0.19.1
1511006878877	geckodriver	INFO	Listening on 127.0.0.1:56511
1511006880260	mozrunner::runner	INFO	Running command: "/Applications/Firefox.app/Contents/MacOS/firefox-bin" "-marionette" "-profile" "/var/folders/ct/xsv3xd9d5nx2qfst_3ry49vm0000gp/T/rust_mozprofile.Uzl0EjxjNDuu"
1511006881519	Marionette	INFO	Enabled via --marionette
2017-11-18 15:08:03.162 plugin-container[29986:323713] *** CFMessagePort: bootstrap_register(): failed 1100 (0x44c) 'Permission denied', port = 0xa137, name = 'com.apple.tsm.portname'
See /usr/include/servers/bootstrap_defs.h for the error codes.
1511006884111	Marionette	INFO	Listening on port 56520
1511006884162	Marionette	WARN	TLS certificate errors will be ignored for this session
1511006884293	Marionette	DEBUG	Register listener.js for window 2147483649
2017-11-18 15:23:13.976 plugin-container[31011:342484] *** CFMessagePort: bootstrap_register(): failed 1100 (0x44c) 'Permission denied', port = 0xa733, name = 'com.apple.tsm.portname'
See /usr/include/servers/bootstrap_defs.h for the error codes.
1511007973475	geckodriver	INFO	geckodriver 0.19.1
1511007973604	geckodriver	INFO	Listening on 127.0.0.1:57284
1511007973745	geckodriver	INFO	geckodriver 0.19.1
1511007973847	geckodriver	INFO	Listening on 127.0.0.1:57287
1511007974617	mozrunner::runner	INFO	Running command: "/Applications/Firefox.app/Contents/MacOS/firefox-bin" "-marionette" "-profile" "/var/folders/ct/xsv3xd9d5nx2qfst_3ry49vm0000gp/T/rust_mozprofile.OG6nUEKO996Y"
1511007974929	mozrunner::runner	INFO	Running command: "/Applications/Firefox.app/Contents/MacOS/firefox-bin" "-marionette" "-profile" "/var/folders/ct/xsv3xd9d5nx2qfst_3ry49vm0000gp/T/rust_mozprofile.xYoReUYh1UUP"
1511007975856	Marionette	INFO	Enabled via --marionette
1511007975856	Marionette	INFO	Enabled via --marionette
2017-11-18 15:26:17.711 plugin-container[31240:347534] *** CFMessagePort: bootstrap_register(): failed 1100 (0x44c) 'Permission denied', port = 0xa337, name = 'com.apple.tsm.portname'
See /usr/include/servers/bootstrap_defs.h for the error codes.
2017-11-18 15:26:17.734 plugin-container[31239:347535] *** CFMessagePort: bootstrap_register(): failed 1100 (0x44c) 'Permission denied', port = 0xa23b, name = 'com.apple.tsm.portname'
See /usr/include/servers/bootstrap_defs.h for the error codes.
1511007978472	Marionette	INFO	Listening on port 57309
1511007978515	Marionette	WARN	TLS certificate errors will be ignored for this session
1511007978602	Marionette	INFO	Listening on port 57296
1511007978633	Marionette	DEBUG	Register listener.js for window 2147483649
1511007978699	Marionette	DEBUG	Received DOM event "beforeunload" for "about:blank"
1511007978714	Marionette	WARN	TLS certificate errors will be ignored for this session
1511007978843	Marionette	DEBUG	Register listener.js for window 2147483649
1511007978955	Marionette	DEBUG	Received DOM event "beforeunload" for "about:blank"
1511007979142	Marionette	DEBUG	Received DOM event "pagehide" for "about:blank"
1511007979143	Marionette	DEBUG	Received DOM event "unload" for "about:blank"
1511007979415	Marionette	DEBUG	Received DOM event "pagehide" for "about:blank"
1511007979416	Marionette	DEBUG	Received DOM event "unload" for "about:blank"
1511007983518	Marionette	DEBUG	Received DOM event "DOMContentLoaded" for "https://www.avito.ru/ryazan/telefony/originalnye_iphone_6_s_garantiey_965563517"
JavaScript warning: https://www.avito.st/s/cc/32cdc46e07ef6a4e30d9bdcc67fb06a0aa678691.js?19ccb94, line 2: unreachable code after return statement
JavaScript warning: https://www.avito.st/s/cc/32cdc46e07ef6a4e30d9bdcc67fb06a0aa678691.js?19ccb94, line 2: unreachable code after return statement
JavaScript warning: https://www.avito.st/s/cc/32cdc46e07ef6a4e30d9bdcc67fb06a0aa678691.js?19ccb94, line 2: unreachable code after return statement
JavaScript warning: https://www.avito.st/s/cc/32cdc46e07ef6a4e30d9bdcc67fb06a0aa678691.js?19ccb94, line 2: unreachable code after return statement
JavaScript warning: https://www.avito.st/s/cc/32cdc46e07ef6a4e30d9bdcc67fb06a0aa678691.js?19ccb94, line 2: unreachable code after return statement
JavaScript warning: https://www.avito.st/s/cc/32cdc46e07ef6a4e30d9bdcc67fb06a0aa678691.js?19ccb94, line 2: unreachable code after return statement
JavaScript warning: https://www.avito.st/s/cc/32cdc46e07ef6a4e30d9bdcc67fb06a0aa678691.js?19ccb94, line 2: unreachable code after return statement
JavaScript warning: https://www.avito.st/s/cc/32cdc46e07ef6a4e30d9bdcc67fb06a0aa678691.js?19ccb94, line 2: unreachable code after return statement
JavaScript warning: https://www.avito.st/s/cc/32cdc46e07ef6a4e30d9bdcc67fb06a0aa678691.js?19ccb94, line 2: unreachable code after return statement
JavaScript warning: https://www.avito.st/s/cc/32cdc46e07ef6a4e30d9bdcc67fb06a0aa678691.js?19ccb94, line 2: unreachable code after return statement
JavaScript warning: https://www.avito.st/s/cc/32cdc46e07ef6a4e30d9bdcc67fb06a0aa678691.js?19ccb94, line 2: unreachable code after return statement
JavaScript warning: https://www.avito.st/s/cc/32cdc46e07ef6a4e30d9bdcc67fb06a0aa678691.js?19ccb94, line 2: unreachable code after return statement
JavaScript warning: https://www.avito.st/s/cc/32cdc46e07ef6a4e30d9bdcc67fb06a0aa678691.js?19ccb94, line 2: unreachable code after return statement
1511007984056	Marionette	DEBUG	Received DOM event "DOMContentLoaded" for "https://www.avito.ru/ryazan/telefony/originalnye_iphone_6_s_garantiey_965563517"
JavaScript warning: https://www.avito.st/s/cc/32cdc46e07ef6a4e30d9bdcc67fb06a0aa678691.js?19ccb94, line 2: unreachable code after return statement
JavaScript warning: https://www.avito.st/s/cc/32cdc46e07ef6a4e30d9bdcc67fb06a0aa678691.js?19ccb94, line 2: unreachable code after return statement
JavaScript warning: https://www.avito.st/s/cc/32cdc46e07ef6a4e30d9bdcc67fb06a0aa678691.js?19ccb94, line 2: unreachable code after return statement
JavaScript warning: https://www.avito.st/s/cc/32cdc46e07ef6a4e30d9bdcc67fb06a0aa678691.js?19ccb94, line 2: unreachable code after return statement
JavaScript warning: https://www.avito.st/s/cc/32cdc46e07ef6a4e30d9bdcc67fb06a0aa678691.js?19ccb94, line 2: unreachable code after return statement
JavaScript warning: https://www.avito.st/s/cc/32cdc46e07ef6a4e30d9bdcc67fb06a0aa678691.js?19ccb94, line 2: unreachable code after return statement
JavaScript warning: https://www.avito.st/s/cc/32cdc46e07ef6a4e30d9bdcc67fb06a0aa678691.js?19ccb94, line 2: unreachable code after return statement
JavaScript warning: https://www.avito.st/s/cc/32cdc46e07ef6a4e30d9bdcc67fb06a0aa678691.js?19ccb94, line 2: unreachable code after return statement
JavaScript warning: https://www.avito.st/s/cc/32cdc46e07ef6a4e30d9bdcc67fb06a0aa678691.js?19ccb94, line 2: unreachable code after return statement
JavaScript warning: https://www.avito.st/s/cc/32cdc46e07ef6a4e30d9bdcc67fb06a0aa678691.js?19ccb94, line 2: unreachable code after return statement
JavaScript warning: https://www.avito.st/s/cc/32cdc46e07ef6a4e30d9bdcc67fb06a0aa678691.js?19ccb94, line 2: unreachable code after return statement
JavaScript warning: https://www.avito.st/s/cc/32cdc46e07ef6a4e30d9bdcc67fb06a0aa678691.js?19ccb94, line 2: unreachable code after return statement
JavaScript warning: https://www.avito.st/s/cc/32cdc46e07ef6a4e30d9bdcc67fb06a0aa678691.js?19ccb94, line 2: unreachable code after return statement
JavaScript warning: https://www.avito.st/s/cc/32cdc46e07ef6a4e30d9bdcc67fb06a0aa678691.js?19ccb94, line 2: unreachable code after return statement
JavaScript warning: https://www.avito.st/s/cc/32cdc46e07ef6a4e30d9bdcc67fb06a0aa678691.js?19ccb94, line 2: unreachable code after return statement
JavaScript warning: https://www.avito.st/s/cc/32cdc46e07ef6a4e30d9bdcc67fb06a0aa678691.js?19ccb94, line 2: unreachable code after return statement
JavaScript warning: https://www.avito.st/s/cc/32cdc46e07ef6a4e30d9bdcc67fb06a0aa678691.js?19ccb94, line 2: unreachable code after return statement
JavaScript warning: https://www.avito.st/s/cc/32cdc46e07ef6a4e30d9bdcc67fb06a0aa678691.js?19ccb94, line 2: unreachable code after return statement
JavaScript warning: https://www.avito.st/s/cc/32cdc46e07ef6a4e30d9bdcc67fb06a0aa678691.js?19ccb94, line 2: unreachable code after return statement
JavaScript warning: https://www.avito.st/s/cc/32cdc46e07ef6a4e30d9bdcc67fb06a0aa678691.js?19ccb94, line 2: unreachable code after return statement
JavaScript warning: https://www.avito.st/s/cc/32cdc46e07ef6a4e30d9bdcc67fb06a0aa678691.js?19ccb94, line 2: unreachable code after return statement
JavaScript warning: https://www.avito.st/s/cc/32cdc46e07ef6a4e30d9bdcc67fb06a0aa678691.js?19ccb94, line 2: unreachable code after return statement
JavaScript warning: https://www.avito.st/s/cc/32cdc46e07ef6a4e30d9bdcc67fb06a0aa678691.js?19ccb94, line 2: unreachable code after return statement
JavaScript warning: https://www.avito.st/s/cc/32cdc46e07ef6a4e30d9bdcc67fb06a0aa678691.js?19ccb94, line 2: unreachable code after return statement
JavaScript warning: https://www.avito.st/s/cc/32cdc46e07ef6a4e30d9bdcc67fb06a0aa678691.js?19ccb94, line 2: unreachable code after return statement
Marionette threw an error: TypeError: this.curBrowser.contentBrowser is null
GeckoDriver.prototype.get@chrome://marionette/content/driver.js:1123:3

1511007987197	Marionette	DEBUG	Received observer notification "outer-window-destroyed" for "2147483655"
JavaScript warning: https://www.avito.st/s/cc/32cdc46e07ef6a4e30d9bdcc67fb06a0aa678691.js?19ccb94, line 2: unreachable code after return statement
JavaScript warning: https://www.avito.st/s/cc/32cdc46e07ef6a4e30d9bdcc67fb06a0aa678691.js?19ccb94, line 2: unreachable code after return statement
1511007987431	Marionette	DEBUG	Received observer notification "outer-window-destroyed" for "2147483659"
1511007987432	Marionette	DEBUG	Received observer notification "outer-window-destroyed" for "2147483653"
1511007987432	Marionette	DEBUG	Received observer notification "outer-window-destroyed" for "2147483656"
1511007987433	Marionette	DEBUG	Received observer notification "outer-window-destroyed" for "2147483649"
1511007988044	Marionette	DEBUG	Received observer notification "outer-window-destroyed" for "2147483653"
1511007988363	Marionette	DEBUG	Register listener.js for window 4294967297
1511007988501	Marionette	DEBUG	Register listener.js for window 4294967299
1511007988647	Marionette	DEBUG	Received DOM event "pageshow" for "https://www.avito.ru/ryazan/telefony/originalnye_iphone_6_s_garantiey_965563517"
1511007990217	Marionette	DEBUG	Register listener.js for window 4294967303
2017-11-18 15:26:30.559 plugin-container[31260:348071] *** CFMessagePort: bootstrap_register(): failed 1100 (0x44c) 'Permission denied', port = 0xa93b, name = 'com.apple.tsm.portname'
See /usr/include/servers/bootstrap_defs.h for the error codes.
1511007990954	Marionette	DEBUG	Register listener.js for window 4294967306
*** UTM:SVC TimerManager:registerTimer called after profile-before-change notification. Ignoring timer registration for id: telemetry_modules_ping
JavaScript warning: https://www.avito.st/s/cc/32cdc46e07ef6a4e30d9bdcc67fb06a0aa678691.js?19ccb94, line 2: unreachable code after return statement
JavaScript warning: https://www.avito.st/s/cc/32cdc46e07ef6a4e30d9bdcc67fb06a0aa678691.js?19ccb94, line 2: unreachable code after return statement
JavaScript warning: https://www.avito.st/s/cc/32cdc46e07ef6a4e30d9bdcc67fb06a0aa678691.js?19ccb94, line 2: unreachable code after return statement
JavaScript warning: https://www.avito.st/s/cc/32cdc46e07ef6a4e30d9bdcc67fb06a0aa678691.js?19ccb94, line 2: unreachable code after return statement
JavaScript warning: https://www.avito.st/s/cc/32cdc46e07ef6a4e30d9bdcc67fb06a0aa678691.js?19ccb94, line 2: unreachable code after return statement
JavaScript warning: https://www.avito.st/s/cc/32cdc46e07ef6a4e30d9bdcc67fb06a0aa678691.js?19ccb94, line 2: unreachable code after return statement
JavaScript warning: https://www.avito.st/s/cc/32cdc46e07ef6a4e30d9bdcc67fb06a0aa678691.js?19ccb94, line 2: unreachable code after return statement
JavaScript warning: https://www.avito.st/s/cc/32cdc46e07ef6a4e30d9bdcc67fb06a0aa678691.js?19ccb94, line 2: unreachable code after return statement
JavaScript warning: https://www.avito.st/s/cc/32cdc46e07ef6a4e30d9bdcc67fb06a0aa678691.js?19ccb94, line 2: unreachable code after return statement
JavaScript warning: https://www.avito.st/s/cc/32cdc46e07ef6a4e30d9bdcc67fb06a0aa678691.js?19ccb94, line 2: unreachable code after return statement
*** UTM:SVC TimerManager:registerTimer called after profile-before-change notification. Ignoring timer registration for id: telemetry_modules_ping
1511008466806	geckodriver	INFO	geckodriver 0.19.1
1511008466905	geckodriver	INFO	geckodriver 0.19.1
1511008466928	geckodriver	INFO	Listening on 127.0.0.1:57797
1511008467005	geckodriver	INFO	Listening on 127.0.0.1:57800
1511008467991	mozrunner::runner	INFO	Running command: "/Applications/Firefox.app/Contents/MacOS/firefox-bin" "-marionette" "-profile" "/var/folders/ct/xsv3xd9d5nx2qfst_3ry49vm0000gp/T/rust_mozprofile.TBCeRN2YuoYP"
1511008468082	mozrunner::runner	INFO	Running command: "/Applications/Firefox.app/Contents/MacOS/firefox-bin" "-marionette" "-profile" "/var/folders/ct/xsv3xd9d5nx2qfst_3ry49vm0000gp/T/rust_mozprofile.InDJgpUuyImZ"
1511008469245	Marionette	INFO	Enabled via --marionette
1511008469245	Marionette	INFO	Enabled via --marionette
2017-11-18 15:34:31.544 plugin-container[32051:369454] *** CFMessagePort: bootstrap_register(): failed 1100 (0x44c) 'Permission denied', port = 0xa03f, name = 'com.apple.tsm.portname'
See /usr/include/servers/bootstrap_defs.h for the error codes.
2017-11-18 15:34:31.583 plugin-container[32050:369452] *** CFMessagePort: bootstrap_register(): failed 1100 (0x44c) 'Permission denied', port = 0xa337, name = 'com.apple.tsm.portname'
See /usr/include/servers/bootstrap_defs.h for the error codes.
1511008472635	Marionette	INFO	Listening on port 57815
1511008472649	Marionette	INFO	Listening on port 57818
1511008472672	Marionette	WARN	TLS certificate errors will be ignored for this session
1511008472676	Marionette	WARN	TLS certificate errors will be ignored for this session
1511008472790	Marionette	DEBUG	Register listener.js for window 2147483649
1511008472863	Marionette	DEBUG	Register listener.js for window 2147483649
1511008472920	Marionette	DEBUG	Received DOM event "beforeunload" for "about:blank"
1511008473044	Marionette	DEBUG	Received DOM event "beforeunload" for "about:blank"
1511008473496	Marionette	DEBUG	Received DOM event "pagehide" for "about:blank"
1511008473497	Marionette	DEBUG	Received DOM event "unload" for "about:blank"
1511008473502	Marionette	DEBUG	Received DOM event "pagehide" for "about:blank"
1511008473502	Marionette	DEBUG	Received DOM event "unload" for "about:blank"
1511008478509	Marionette	DEBUG	Received DOM event "DOMContentLoaded" for "https://www.avito.ru/ryazan/telefony/iphone_16_gb_silver_1156788230"
JavaScript warning: https://www.avito.st/s/cc/32cdc46e07ef6a4e30d9bdcc67fb06a0aa678691.js?19ccb94, line 2: unreachable code after return statement
JavaScript warning: https://www.avito.st/s/cc/32cdc46e07ef6a4e30d9bdcc67fb06a0aa678691.js?19ccb94, line 2: unreachable code after return statement
JavaScript warning: https://www.avito.st/s/cc/32cdc46e07ef6a4e30d9bdcc67fb06a0aa678691.js?19ccb94, line 2: unreachable code after return statement
JavaScript warning: https://www.avito.st/s/cc/32cdc46e07ef6a4e30d9bdcc67fb06a0aa678691.js?19ccb94, line 2: unreachable code after return statement
JavaScript warning: https://www.avito.st/s/cc/32cdc46e07ef6a4e30d9bdcc67fb06a0aa678691.js?19ccb94, line 2: unreachable code after return statement
JavaScript warning: https://www.avito.st/s/cc/32cdc46e07ef6a4e30d9bdcc67fb06a0aa678691.js?19ccb94, line 2: unreachable code after return statement
JavaScript warning: https://www.avito.st/s/cc/32cdc46e07ef6a4e30d9bdcc67fb06a0aa678691.js?19ccb94, line 2: unreachable code after return statement
JavaScript warning: https://www.avito.st/s/cc/32cdc46e07ef6a4e30d9bdcc67fb06a0aa678691.js?19ccb94, line 2: unreachable code after return statement
JavaScript warning: https://www.avito.st/s/cc/32cdc46e07ef6a4e30d9bdcc67fb06a0aa678691.js?19ccb94, line 2: unreachable code after return statement
JavaScript warning: https://www.avito.st/s/cc/32cdc46e07ef6a4e30d9bdcc67fb06a0aa678691.js?19ccb94, line 2: unreachable code after return statement
JavaScript warning: https://www.avito.st/s/cc/32cdc46e07ef6a4e30d9bdcc67fb06a0aa678691.js?19ccb94, line 2: unreachable code after return statement
JavaScript warning: https://www.avito.st/s/cc/32cdc46e07ef6a4e30d9bdcc67fb06a0aa678691.js?19ccb94, line 2: unreachable code after return statement
JavaScript warning: https://www.avito.st/s/cc/32cdc46e07ef6a4e30d9bdcc67fb06a0aa678691.js?19ccb94, line 2: unreachable code after return statement
1511008478569	Marionette	DEBUG	Received DOM event "DOMContentLoaded" for "https://www.avito.ru/ryazan/telefony/iphone_16_gb_silver_1156788230"
JavaScript warning: https://www.avito.st/s/cc/32cdc46e07ef6a4e30d9bdcc67fb06a0aa678691.js?19ccb94, line 2: unreachable code after return statement
JavaScript warning: https://www.avito.st/s/cc/32cdc46e07ef6a4e30d9bdcc67fb06a0aa678691.js?19ccb94, line 2: unreachable code after return statement
JavaScript warning: https://www.avito.st/s/cc/32cdc46e07ef6a4e30d9bdcc67fb06a0aa678691.js?19ccb94, line 2: unreachable code after return statement
JavaScript warning: https://www.avito.st/s/cc/32cdc46e07ef6a4e30d9bdcc67fb06a0aa678691.js?19ccb94, line 2: unreachable code after return statement
JavaScript warning: https://www.avito.st/s/cc/32cdc46e07ef6a4e30d9bdcc67fb06a0aa678691.js?19ccb94, line 2: unreachable code after return statement
JavaScript warning: https://www.avito.st/s/cc/32cdc46e07ef6a4e30d9bdcc67fb06a0aa678691.js?19ccb94, line 2: unreachable code after return statement
JavaScript warning: https://www.avito.st/s/cc/32cdc46e07ef6a4e30d9bdcc67fb06a0aa678691.js?19ccb94, line 2: unreachable code after return statement
JavaScript warning: https://www.avito.st/s/cc/32cdc46e07ef6a4e30d9bdcc67fb06a0aa678691.js?19ccb94, line 2: unreachable code after return statement
JavaScript warning: https://www.avito.st/s/cc/32cdc46e07ef6a4e30d9bdcc67fb06a0aa678691.js?19ccb94, line 2: unreachable code after return statement
JavaScript warning: https://www.avito.st/s/cc/32cdc46e07ef6a4e30d9bdcc67fb06a0aa678691.js?19ccb94, line 2: unreachable code after return statement
JavaScript warning: https://www.avito.st/s/cc/32cdc46e07ef6a4e30d9bdcc67fb06a0aa678691.js?19ccb94, line 2: unreachable code after return statement
JavaScript warning: https://www.avito.st/s/cc/32cdc46e07ef6a4e30d9bdcc67fb06a0aa678691.js?19ccb94, line 2: unreachable code after return statement
JavaScript warning: https://www.avito.st/s/cc/32cdc46e07ef6a4e30d9bdcc67fb06a0aa678691.js?19ccb94, line 2: unreachable code after return statement
JavaScript warning: https://www.avito.st/s/cc/32cdc46e07ef6a4e30d9bdcc67fb06a0aa678691.js?19ccb94, line 2: unreachable code after return statement
JavaScript warning: https://www.avito.st/s/cc/32cdc46e07ef6a4e30d9bdcc67fb06a0aa678691.js?19ccb94, line 2: unreachable code after return statement
JavaScript warning: https://www.avito.st/s/cc/32cdc46e07ef6a4e30d9bdcc67fb06a0aa678691.js?19ccb94, line 2: unreachable code after return statement
JavaScript warning: https://www.avito.st/s/cc/32cdc46e07ef6a4e30d9bdcc67fb06a0aa678691.js?19ccb94, line 2: unreachable code after return statement
JavaScript warning: https://www.avito.st/s/cc/32cdc46e07ef6a4e30d9bdcc67fb06a0aa678691.js?19ccb94, line 2: unreachable code after return statement
JavaScript warning: https://www.avito.st/s/cc/32cdc46e07ef6a4e30d9bdcc67fb06a0aa678691.js?19ccb94, line 2: unreachable code after return statement
JavaScript warning: https://www.avito.st/s/cc/32cdc46e07ef6a4e30d9bdcc67fb06a0aa678691.js?19ccb94, line 2: unreachable code after return statement
JavaScript warning: https://www.avito.st/s/cc/32cdc46e07ef6a4e30d9bdcc67fb06a0aa678691.js?19ccb94, line 2: unreachable code after return statement
JavaScript warning: https://www.avito.st/s/cc/32cdc46e07ef6a4e30d9bdcc67fb06a0aa678691.js?19ccb94, line 2: unreachable code after return statement
JavaScript warning: https://www.avito.st/s/cc/32cdc46e07ef6a4e30d9bdcc67fb06a0aa678691.js?19ccb94, line 2: unreachable code after return statement
JavaScript warning: https://www.avito.st/s/cc/32cdc46e07ef6a4e30d9bdcc67fb06a0aa678691.js?19ccb94, line 2: unreachable code after return statement
JavaScript warning: https://www.avito.st/s/cc/32cdc46e07ef6a4e30d9bdcc67fb06a0aa678691.js?19ccb94, line 2: unreachable code after return statement
JavaScript warning: https://www.avito.st/s/cc/32cdc46e07ef6a4e30d9bdcc67fb06a0aa678691.js?19ccb94, line 2: unreachable code after return statement
JavaScript warning: https://www.avito.st/s/cc/32cdc46e07ef6a4e30d9bdcc67fb06a0aa678691.js?19ccb94, line 2: unreachable code after return statement
1511008481745	Marionette	DEBUG	Received observer notification "outer-window-destroyed" for "2147483653"
JavaScript error: https://mc.yandex.ru/metrika/tag.js, line 163: ReferenceError: event is not defined
1511008482693	Marionette	DEBUG	Received observer notification "outer-window-destroyed" for "2147483653"
1511008483343	Marionette	DEBUG	Received DOM event "pageshow" for "https://www.avito.ru/ryazan/telefony/iphone_16_gb_silver_1156788230"
1511008483493	Marionette	DEBUG	Received DOM event "pageshow" for "https://www.avito.ru/ryazan/telefony/iphone_16_gb_silver_1156788230"
1511008484029	Marionette	DEBUG	Canceled page load listener because no navigation has been detected
JavaScript error: https://mc.yandex.ru/metrika/tag.js, line 163: ReferenceError: event is not defined
1511008484229	Marionette	DEBUG	Canceled page load listener because no navigation has been detected
JavaScript error: https://mc.yandex.ru/metrika/tag.js, line 163: ReferenceError: event is not defined
JavaScript error: https://mc.yandex.ru/metrika/tag.js, line 163: ReferenceError: event is not defined
JavaScript error: https://mc.yandex.ru/metrika/tag.js, line 163: ReferenceError: event is not defined
2017-11-18 15:34:56.004 plugin-container[32101:370333] *** CFMessagePort: bootstrap_register(): failed 1100 (0x44c) 'Permission denied', port = 0xa533, name = 'com.apple.tsm.portname'
See /usr/include/servers/bootstrap_defs.h for the error codes.
JavaScript error: https://mc.yandex.ru/metrika/tag.js, line 163: ReferenceError: event is not defined
2017-11-18 15:35:00.262 plugin-container[32111:370503] *** CFMessagePort: bootstrap_register(): failed 1100 (0x44c) 'Permission denied', port = 0xa637, name = 'com.apple.tsm.portname'
See /usr/include/servers/bootstrap_defs.h for the error codes.

###!!! [Child][MessageChannel] Error: (msgtype=0x2400A8,name=PContent::Msg_ScriptError) Channel closing: too late to send/recv, messages will be lost


###!!! [Child][MessageChannel] Error: (msgtype=0x2400A8,name=PContent::Msg_ScriptError) Channel closing: too late to send/recv, messages will be lost


###!!! [Child][MessageChannel] Error: (msgtype=0x2400A8,name=PContent::Msg_ScriptError) Channel closing: too late to send/recv, messages will be lost


###!!! [Child][MessageChannel] Error: (msgtype=0x2400A8,name=PContent::Msg_ScriptError) Channel closing: too late to send/recv, messages will be lost


###!!! [Child][MessageChannel] Error: (msgtype=0x2400A8,name=PContent::Msg_ScriptError) Channel closing: too late to send/recv, messages will be lost


###!!! [Child][MessageChannel] Error: (msgtype=0x2400A8,name=PContent::Msg_ScriptError) Channel closing: too late to send/recv, messages will be lost


###!!! [Child][MessageChannel] Error: (msgtype=0x2400A8,name=PContent::Msg_ScriptError) Channel closing: too late to send/recv, messages will be lost


###!!! [Child][MessageChannel] Error: (msgtype=0x2400A8,name=PContent::Msg_ScriptError) Channel closing: too late to send/recv, messages will be lost


###!!! [Child][MessageChannel] Error: (msgtype=0x2400A8,name=PContent::Msg_ScriptError) Channel closing: too late to send/recv, messages will be lost


###!!! [Child][MessageChannel] Error: (msgtype=0x2400A8,name=PContent::Msg_ScriptError) Channel closing: too late to send/recv, messages will be lost


###!!! [Child][MessageChannel] Error: (msgtype=0x2400A8,name=PContent::Msg_ScriptError) Channel closing: too late to send/recv, messages will be lost


###!!! [Child][RunMessage] Error: Channel closing: too late to send/recv, messages will be lost


###!!! [Child][RunMessage] Error: Channel closing: too late to send/recv, messages will be lost

*** UTM:SVC TimerManager:registerTimer called after profile-before-change notification. Ignoring timer registration for id: telemetry_modules_ping
*** UTM:SVC TimerManager:registerTimer called after profile-before-change notification. Ignoring timer registration for id: telemetry_modules_ping
1511008543474	geckodriver	INFO	geckodriver 0.19.1
1511008543561	geckodriver	INFO	Listening on 127.0.0.1:58140
1511008544617	mozrunner::runner	INFO	Running command: "/Applications/Firefox.app/Contents/MacOS/firefox-bin" "-marionette" "-profile" "/var/folders/ct/xsv3xd9d5nx2qfst_3ry49vm0000gp/T/rust_mozprofile.NrVLuKTnQVgk"
1511008545426	Marionette	INFO	Enabled via --marionette
2017-11-18 15:35:46.745 plugin-container[32203:371828] *** CFMessagePort: bootstrap_register(): failed 1100 (0x44c) 'Permission denied', port = 0xa137, name = 'com.apple.tsm.portname'
See /usr/include/servers/bootstrap_defs.h for the error codes.
1511008547281	Marionette	INFO	Listening on port 58149
1511008547372	Marionette	WARN	TLS certificate errors will be ignored for this session
1511008547467	Marionette	DEBUG	Register listener.js for window 2147483649
1511008547493	Marionette	DEBUG	Received DOM event "beforeunload" for "about:blank"
1511008547921	Marionette	DEBUG	Received DOM event "pagehide" for "about:blank"
1511008547921	Marionette	DEBUG	Received DOM event "unload" for "about:blank"
1511008549862	Marionette	DEBUG	Received DOM event "DOMContentLoaded" for "https://www.avito.ru/ryazan/telefony/iphone_16_gb_silver_1156788230"
JavaScript warning: https://www.avito.st/s/cc/32cdc46e07ef6a4e30d9bdcc67fb06a0aa678691.js?19ccb94, line 2: unreachable code after return statement
JavaScript warning: https://www.avito.st/s/cc/32cdc46e07ef6a4e30d9bdcc67fb06a0aa678691.js?19ccb94, line 2: unreachable code after return statement
JavaScript warning: https://www.avito.st/s/cc/32cdc46e07ef6a4e30d9bdcc67fb06a0aa678691.js?19ccb94, line 2: unreachable code after return statement
JavaScript warning: https://www.avito.st/s/cc/32cdc46e07ef6a4e30d9bdcc67fb06a0aa678691.js?19ccb94, line 2: unreachable code after return statement
JavaScript warning: https://www.avito.st/s/cc/32cdc46e07ef6a4e30d9bdcc67fb06a0aa678691.js?19ccb94, line 2: unreachable code after return statement
JavaScript warning: https://www.avito.st/s/cc/32cdc46e07ef6a4e30d9bdcc67fb06a0aa678691.js?19ccb94, line 2: unreachable code after return statement
JavaScript warning: https://www.avito.st/s/cc/32cdc46e07ef6a4e30d9bdcc67fb06a0aa678691.js?19ccb94, line 2: unreachable code after return statement
JavaScript warning: https://www.avito.st/s/cc/32cdc46e07ef6a4e30d9bdcc67fb06a0aa678691.js?19ccb94, line 2: unreachable code after return statement
JavaScript warning: https://www.avito.st/s/cc/32cdc46e07ef6a4e30d9bdcc67fb06a0aa678691.js?19ccb94, line 2: unreachable code after return statement
JavaScript warning: https://www.avito.st/s/cc/32cdc46e07ef6a4e30d9bdcc67fb06a0aa678691.js?19ccb94, line 2: unreachable code after return statement
JavaScript warning: https://www.avito.st/s/cc/32cdc46e07ef6a4e30d9bdcc67fb06a0aa678691.js?19ccb94, line 2: unreachable code after return statement
JavaScript warning: https://www.avito.st/s/cc/32cdc46e07ef6a4e30d9bdcc67fb06a0aa678691.js?19ccb94, line 2: unreachable code after return statement
JavaScript warning: https://www.avito.st/s/cc/32cdc46e07ef6a4e30d9bdcc67fb06a0aa678691.js?19ccb94, line 2: unreachable code after return statement
JavaScript warning: https://www.avito.st/s/cc/32cdc46e07ef6a4e30d9bdcc67fb06a0aa678691.js?19ccb94, line 2: unreachable code after return statement
JavaScript warning: https://www.avito.st/s/cc/32cdc46e07ef6a4e30d9bdcc67fb06a0aa678691.js?19ccb94, line 2: unreachable code after return statement
JavaScript warning: https://www.avito.st/s/cc/32cdc46e07ef6a4e30d9bdcc67fb06a0aa678691.js?19ccb94, line 2: unreachable code after return statement
JavaScript warning: https://www.avito.st/s/cc/32cdc46e07ef6a4e30d9bdcc67fb06a0aa678691.js?19ccb94, line 2: unreachable code after return statement
JavaScript warning: https://www.avito.st/s/cc/32cdc46e07ef6a4e30d9bdcc67fb06a0aa678691.js?19ccb94, line 2: unreachable code after return statement
JavaScript warning: https://www.avito.st/s/cc/32cdc46e07ef6a4e30d9bdcc67fb06a0aa678691.js?19ccb94, line 2: unreachable code after return statement
JavaScript warning: https://www.avito.st/s/cc/32cdc46e07ef6a4e30d9bdcc67fb06a0aa678691.js?19ccb94, line 2: unreachable code after return statement
1511008551341	Marionette	DEBUG	Received observer notification "outer-window-destroyed" for "2147483653"
1511008551626	Marionette	DEBUG	Received DOM event "pageshow" for "https://www.avito.ru/ryazan/telefony/iphone_16_gb_silver_1156788230"
JavaScript error: https://mc.yandex.ru/metrika/tag.js, line 163: ReferenceError: event is not defined
1511008551994	Marionette	DEBUG	Canceled page load listener because no navigation has been detected
JavaScript error: https://mc.yandex.ru/metrika/tag.js, line 163: ReferenceError: event is not defined
